<?xml version="1.0" encoding="UTF-8"?>
<testng-results skipped="0" failed="0" total="1" passed="1">
  <reporter-output>
  </reporter-output>
  <suite name="Command line suite" duration-ms="65587" started-at="2024-08-20T18:20:16Z" finished-at="2024-08-20T18:21:22Z">
    <groups>
    </groups>
    <test name="Command line test" duration-ms="65587" started-at="2024-08-20T18:20:16Z" finished-at="2024-08-20T18:21:22Z">
      <class name="com.usbank.pega.SavingRuleNames">
        <test-method status="PASS" signature="loginpage()[pri:0, instance:com.usbank.pega.SavingRuleNames@782830e]" name="loginpage" duration-ms="65577" started-at="2024-08-20T23:50:16Z" finished-at="2024-08-20T23:51:22Z">
          <reporter-output>
          </reporter-output>
        </test-method> <!-- loginpage -->
      </class> <!-- com.usbank.pega.SavingRuleNames -->
    </test> <!-- Command line test -->
  </suite> <!-- Command line suite -->
</testng-results>
